C51 COMPILER V9.55   MAIN                                                                  06/05/2016 13:45:57 PAGE 1   


C51 COMPILER V9.55, COMPILATION OF MODULE MAIN
OBJECT MODULE PLACED IN .\Objects\main.obj
COMPILER INVOKED BY: D:\Software\keil\C51\BIN\C51.EXE main.c OPTIMIZE(8,SPEED) BROWSE DEBUG OBJECTEXTEND PRINT(.\Listing
                    -s\main.lst) TABS(2) OBJECT(.\Objects\main.obj)

line level    source

   1          #include <reg52.h>
   2          #include <intrins.h>
   3          #include "nrf12864.h"
   4          #include "wetmp.h"
   5          #define uchar unsigned char
   6          #define uint unsigned int
   7          
   8          
   9          sbit CE=P3^0;
  10          sbit SOUND =P1^4;
  11          sbit PLAY = P1^5;
  12          sbit WETEMP = P1^3;
  13          
  14          void wenshi(int shujv[])
  15          {  
  16   1          uint i=0;
  17   1          RH(); 
  18   1          shujv[0]=U8RH_data_H/10+48; 
  19   1          shujv[1]=U8RH_data_H%10+48;
  20   1          shujv[2]=U8T_data_H/10+48;
  21   1          shujv[3]=U8T_data_H%10+48;
  22   1          for(i=0;i<3000;i++);
  23   1      }
  24          
  25          void main()
  26          {
  27   1        wenshi(shujv);
  28   1        display();  
  29   1      }


MODULE INFORMATION:   STATIC OVERLAYABLE
   CODE SIZE        =    876    ----
   CONSTANT SIZE    =     56    ----
   XDATA SIZE       =   ----    ----
   PDATA SIZE       =   ----    ----
   DATA SIZE        =     28       8
   IDATA SIZE       =   ----    ----
   BIT SIZE         =   ----    ----
END OF MODULE INFORMATION.


C51 COMPILATION COMPLETE.  0 WARNING(S),  0 ERROR(S)
